2019-11-13 21:46:31.891  INFO 3540 --- [main] lavalink.server.Launcher                 : 

[32m       .  [31m _                  _ _       _    [32m__ _ _
[32m      /\\ [31m| | __ ___   ____ _| (_)_ __ | | __[32m\ \ \ \
[32m     ( ( )[31m| |/ _` \ \ / / _` | | | '_ \| |/ /[32m \ \ \ \
[32m      \\/ [31m| | (_| |\ V / (_| | | | | | |   < [32m  ) ) ) )
[32m       '  [31m|_|\__,_| \_/ \__,_|_|_|_| |_|_|\_\[32m / / / /
[0m    =========================================[32m/_/_/_/[0m

	Version:        c314f4db6018a2984c94091aaaf6b72d6652d9e3-SNAPSHOT
	Build:          900
	Build time:     19.10.2019 20:50:43 UTC
	Branch          master
	Commit:         c314f4d
	Commit time:    19.10.2019 20:47:04 UTC
	JVM:            11.0.5
	Lavaplayer      1.3.22

2019-11-13 21:46:31.962  INFO 3540 --- [main] o.s.boot.SpringApplication               : 
  .   ____          _            __ _ _
 /\\ / ___'_ __ _ _(_)_ __  __ _ \ \ \ \
( ( )\___ | '_ | '_| | '_ \/ _` | \ \ \ \
 \\/  ___)| |_)| | | | | || (_| |  ) ) ) )
  '  |____| .__|_| |_|_| |_\__, | / / / /
 =========|_|==============|___/=/_/_/_/
 :: Spring Boot ::        (v2.1.8.RELEASE)


2019-11-13 21:46:32.090  INFO 3540 --- [main] lavalink.server.Launcher                 : Starting Launcher on DESKTOP-4CAAHCO with PID 3540 (C:\Users\Владислав\source\repos\JustBot\Lavalink.jar started by Владислав in C:\Users\Владислав\source\repos\JustBot)
2019-11-13 21:46:32.092  INFO 3540 --- [main] lavalink.server.Launcher                 : No active profile set, falling back to default profiles: default
2019-11-13 21:46:32.157  WARN 3540 --- [background-preinit] o.s.h.c.j.Jackson2ObjectMapperBuilder    : For Jackson Kotlin classes support please add "com.fasterxml.jackson.module:jackson-module-kotlin" to the classpath
2019-11-13 21:46:34.083  WARN 3540 --- [main] io.undertow.websockets.jsr               : UT026010: Buffer pool was not set on WebSocketDeploymentInfo, the default pool will be used
2019-11-13 21:46:34.110  INFO 3540 --- [main] io.undertow.servlet                      : Initializing Spring embedded WebApplicationContext
2019-11-13 21:46:34.110  INFO 3540 --- [main] o.s.web.context.ContextLoader            : Root WebApplicationContext: initialization completed in 1939 ms
2019-11-13 21:46:34.275  WARN 3540 --- [main] l.server.config.SentryConfiguration      : Turning off sentry
2019-11-13 21:46:34.286  INFO 3540 --- [main] l.s.c.AudioSendFactoryConfiguration      : OS: Windows 10, Arch: amd64
2019-11-13 21:46:34.286  INFO 3540 --- [main] l.s.c.AudioSendFactoryConfiguration      : JDA-NAS supported system detected. Enabled native audio sending.
2019-11-13 21:46:34.286  INFO 3540 --- [main] l.s.c.AudioSendFactoryConfiguration      : Setting buffer to 400ms
2019-11-13 21:46:34.286  INFO 3540 --- [main] l.s.c.AudioSendFactoryConfiguration      : Setting playlist load limit to 6
2019-11-13 21:46:35.163  INFO 3540 --- [main] c.s.d.l.tools.GarbageCollectionMonitor   : GC monitoring enabled, reporting results every 2 minutes.
2019-11-13 21:46:35.736  INFO 3540 --- [main] o.s.s.concurrent.ThreadPoolTaskExecutor  : Initializing ExecutorService 'applicationTaskExecutor'
2019-11-13 21:46:36.207  INFO 3540 --- [main] org.xnio                                 : XNIO version 3.3.8.Final
2019-11-13 21:46:36.224  INFO 3540 --- [main] org.xnio.nio                             : XNIO NIO Implementation Version 3.3.8.Final
2019-11-13 21:46:36.342  INFO 3540 --- [main] o.s.b.w.e.u.UndertowServletWebServer     : Undertow started on port(s) 2333 (http) with context path ''
2019-11-13 21:46:36.348  INFO 3540 --- [main] lavalink.server.Launcher                 : Started Launcher in 5.187 seconds (JVM running for 6.137)
2019-11-13 21:47:01.005  INFO 3540 --- [XNIO-1 task-1] io.undertow.servlet                      : Initializing Spring DispatcherServlet 'dispatcherServlet'
2019-11-13 21:47:01.006  INFO 3540 --- [XNIO-1 task-1] o.s.web.servlet.DispatcherServlet        : Initializing Servlet 'dispatcherServlet'
2019-11-13 21:47:01.014  INFO 3540 --- [XNIO-1 task-1] o.s.web.servlet.DispatcherServlet        : Completed initialization in 8 ms
2019-11-13 21:47:01.039  INFO 3540 --- [XNIO-1 task-1] l.server.io.HandshakeInterceptorImpl     : Incoming connection from /127.0.0.1:56137
2019-11-13 21:47:01.137  INFO 3540 --- [XNIO-1 task-1] c.s.d.l.tools.GarbageCollectionMonitor   : GC monitoring enabled, reporting results every 2 minutes.
2019-11-13 21:47:01.239  INFO 3540 --- [XNIO-1 task-1] lavalink.server.io.SocketServer          : Connection successfully established from /127.0.0.1:56137
2019-11-13 21:48:05.124  INFO 3540 --- [XNIO-1 task-2] l.server.player.AudioLoaderRestHandler   : GET /loadtracks
2019-11-13 21:48:06.398  INFO 3540 --- [lava-daemon-pool-info-loader-2-thread-1] lavalink.server.player.AudioLoader       : Loaded playlist Search results for: sic
2019-11-13 21:48:15.364  INFO 3540 --- [XNIO-1 task-4] l.server.player.AudioLoaderRestHandler   : GET /loadtracks
2019-11-13 21:48:15.905  INFO 3540 --- [lava-daemon-pool-info-loader-2-thread-1] lavalink.server.player.AudioLoader       : Loaded playlist Search results for: sic
2019-11-13 21:48:37.589  INFO 3540 --- [XNIO-1 I/O-5] lavalink.server.io.SocketServer          : Connection closed from /127.0.0.1:56137 -- CloseStatus[code=1006, reason=]
2019-11-13 21:48:37.590  INFO 3540 --- [XNIO-1 I/O-5] lavalink.server.io.SocketContext         : Shutting down 0 playing players.
2019-11-13 21:48:37.592  INFO 3540 --- [XNIO-1 I/O-5] c.s.d.l.tools.GarbageCollectionMonitor   : GC monitoring disabled.
2019-11-13 21:49:09.124  INFO 3540 --- [XNIO-1 task-6] l.server.io.HandshakeInterceptorImpl     : Incoming connection from /127.0.0.1:56216
2019-11-13 21:49:09.129  INFO 3540 --- [XNIO-1 task-6] c.s.d.l.tools.GarbageCollectionMonitor   : GC monitoring enabled, reporting results every 2 minutes.
2019-11-13 21:49:09.134  INFO 3540 --- [XNIO-1 task-6] lavalink.server.io.SocketServer          : Connection successfully established from /127.0.0.1:56216
2019-11-13 21:49:22.670  INFO 3540 --- [XNIO-1 I/O-4] lavalink.server.io.SocketServer          : {"sessionId":"e76c45beeb6739f1ea9f7cf9bf55f081","event":{"token":"7e54e2a5d96960a4","guildid":"492415167745753107","endpoint":"eu-central307.discord.media:80"},"guildId":"492415167745753107","op":"voiceUpdate"}
2019-11-13 21:49:28.391  INFO 3540 --- [XNIO-1 task-7] l.server.player.AudioLoaderRestHandler   : GET /loadtracks
2019-11-13 21:49:28.968  INFO 3540 --- [lava-daemon-pool-info-loader-2-thread-1] lavalink.server.player.AudioLoader       : Loaded playlist Search results for: sic
2019-11-13 21:49:29.007  INFO 3540 --- [XNIO-1 I/O-4] lavalink.server.io.SocketServer          : {"track":"QAAAegIAGFNsaXBrbm90IC0gKFNpYykgKEF1ZGlvKQAIU2xpcGtub3QAAAAAAAMNQAALbTNJMy1LVEpidFkAAQAraHR0cHM6Ly93d3cueW91dHViZS5jb20vd2F0Y2g/dj1tM0kzLUtUSmJ0WQAHeW91dHViZQAAAAAAAAAA","startTime":0,"endTime":0,"noReplace":false,"guildId":"492415167745753107","op":"play"}
2019-11-13 21:49:49.269  INFO 3540 --- [XNIO-1 I/O-4] lavalink.server.io.SocketServer          : {"guildId":"492415167745753107","op":"destroy"}
2019-11-13 21:49:53.063  INFO 3540 --- [XNIO-1 I/O-4] lavalink.server.io.SocketServer          : Connection closed from /127.0.0.1:56216 -- CloseStatus[code=1006, reason=]
2019-11-13 21:49:53.064  INFO 3540 --- [XNIO-1 I/O-4] lavalink.server.io.SocketContext         : Shutting down 0 playing players.
2019-11-13 21:49:53.065  INFO 3540 --- [XNIO-1 I/O-4] c.s.d.l.tools.GarbageCollectionMonitor   : GC monitoring disabled.
2019-11-13 21:51:53.592  INFO 3540 --- [XNIO-1 task-9] l.server.io.HandshakeInterceptorImpl     : Incoming connection from /127.0.0.1:56303
2019-11-13 21:51:53.596  INFO 3540 --- [XNIO-1 task-9] c.s.d.l.tools.GarbageCollectionMonitor   : GC monitoring enabled, reporting results every 2 minutes.
2019-11-13 21:51:53.602  INFO 3540 --- [XNIO-1 task-9] lavalink.server.io.SocketServer          : Connection successfully established from /127.0.0.1:56303
2019-11-13 21:52:00.031  INFO 3540 --- [XNIO-1 task-10] l.server.player.AudioLoaderRestHandler   : GET /loadtracks
2019-11-13 21:52:00.559  INFO 3540 --- [lava-daemon-pool-info-loader-2-thread-1] lavalink.server.player.AudioLoader       : Loaded playlist Search results for: sic
2019-11-13 21:52:00.607  INFO 3540 --- [XNIO-1 I/O-3] lavalink.server.io.SocketServer          : {"track":"QAAAegIAGFNsaXBrbm90IC0gKFNpYykgKEF1ZGlvKQAIU2xpcGtub3QAAAAAAAMNQAALbTNJMy1LVEpidFkAAQAraHR0cHM6Ly93d3cueW91dHViZS5jb20vd2F0Y2g/dj1tM0kzLUtUSmJ0WQAHeW91dHViZQAAAAAAAAAA","startTime":0,"endTime":0,"noReplace":false,"guildId":"492415167745753107","op":"play"}
2019-11-13 21:52:00.839  INFO 3540 --- [XNIO-1 I/O-3] lavalink.server.io.SocketServer          : {"sessionId":"a217f15e8664ac2b3f3a463434c0350f","event":{"token":"458d4afedd5f061c","guildid":"492415167745753107","endpoint":"eu-central307.discord.media:80"},"guildId":"492415167745753107","op":"voiceUpdate"}
2019-11-13 21:55:34.319  INFO 3540 --- [XNIO-1 I/O-3] lavalink.server.io.SocketServer          : Connection closed from /127.0.0.1:56303 -- CloseStatus[code=1006, reason=]
2019-11-13 21:55:34.321  INFO 3540 --- [XNIO-1 I/O-3] lavalink.server.io.SocketContext         : Shutting down 0 playing players.
2019-11-13 21:55:34.322  INFO 3540 --- [XNIO-1 I/O-3] c.s.d.l.tools.GarbageCollectionMonitor   : GC monitoring disabled.
2019-11-13 22:09:05.999  INFO 3540 --- [XNIO-1 task-12] l.server.io.HandshakeInterceptorImpl     : Incoming connection from /127.0.0.1:56824
2019-11-13 22:09:06.003  INFO 3540 --- [XNIO-1 task-12] c.s.d.l.tools.GarbageCollectionMonitor   : GC monitoring enabled, reporting results every 2 minutes.
2019-11-13 22:09:06.009  INFO 3540 --- [XNIO-1 task-12] lavalink.server.io.SocketServer          : Connection successfully established from /127.0.0.1:56824
2019-11-13 22:10:47.807  INFO 3540 --- [XNIO-1 I/O-4] lavalink.server.io.SocketServer          : Connection closed from /127.0.0.1:56824 -- CloseStatus[code=1006, reason=]
2019-11-13 22:10:47.808  INFO 3540 --- [XNIO-1 I/O-4] lavalink.server.io.SocketContext         : Shutting down 0 playing players.
2019-11-13 22:10:47.809  INFO 3540 --- [XNIO-1 I/O-4] c.s.d.l.tools.GarbageCollectionMonitor   : GC monitoring disabled.
2019-11-13 22:11:09.192  INFO 3540 --- [XNIO-1 task-13] l.server.io.HandshakeInterceptorImpl     : Incoming connection from /127.0.0.1:56898
2019-11-13 22:11:09.198  INFO 3540 --- [XNIO-1 task-13] c.s.d.l.tools.GarbageCollectionMonitor   : GC monitoring enabled, reporting results every 2 minutes.
2019-11-13 22:11:09.207  INFO 3540 --- [XNIO-1 task-13] lavalink.server.io.SocketServer          : Connection successfully established from /127.0.0.1:56898
2019-11-13 22:12:22.092  INFO 3540 --- [XNIO-1 I/O-6] lavalink.server.io.SocketServer          : Connection closed from /127.0.0.1:56898 -- CloseStatus[code=1006, reason=]
2019-11-13 22:12:22.093  INFO 3540 --- [XNIO-1 I/O-6] lavalink.server.io.SocketContext         : Shutting down 0 playing players.
2019-11-13 22:12:22.094  INFO 3540 --- [XNIO-1 I/O-6] c.s.d.l.tools.GarbageCollectionMonitor   : GC monitoring disabled.
2019-11-13 22:12:44.390  INFO 3540 --- [XNIO-1 task-14] l.server.io.HandshakeInterceptorImpl     : Incoming connection from /127.0.0.1:56947
2019-11-13 22:12:44.395  INFO 3540 --- [XNIO-1 task-14] c.s.d.l.tools.GarbageCollectionMonitor   : GC monitoring enabled, reporting results every 2 minutes.
2019-11-13 22:12:44.402  INFO 3540 --- [XNIO-1 task-14] lavalink.server.io.SocketServer          : Connection successfully established from /127.0.0.1:56947
2019-11-13 22:16:27.735  INFO 3540 --- [XNIO-1 I/O-7] lavalink.server.io.SocketServer          : Connection closed from /127.0.0.1:56947 -- CloseStatus[code=1006, reason=]
2019-11-13 22:16:27.737  INFO 3540 --- [XNIO-1 I/O-7] lavalink.server.io.SocketContext         : Shutting down 0 playing players.
2019-11-13 22:16:27.737  INFO 3540 --- [XNIO-1 I/O-7] c.s.d.l.tools.GarbageCollectionMonitor   : GC monitoring disabled.
2019-11-13 22:16:34.977  INFO 3540 --- [XNIO-1 task-15] l.server.io.HandshakeInterceptorImpl     : Incoming connection from /127.0.0.1:57065
2019-11-13 22:16:34.981  INFO 3540 --- [XNIO-1 task-15] c.s.d.l.tools.GarbageCollectionMonitor   : GC monitoring enabled, reporting results every 2 minutes.
2019-11-13 22:16:34.986  INFO 3540 --- [XNIO-1 task-15] lavalink.server.io.SocketServer          : Connection successfully established from /127.0.0.1:57065
2019-11-13 22:19:56.408  INFO 3540 --- [XNIO-1 task-16] l.server.io.HandshakeInterceptorImpl     : Incoming connection from /127.0.0.1:57172
2019-11-13 22:19:56.413  INFO 3540 --- [XNIO-1 task-16] c.s.d.l.tools.GarbageCollectionMonitor   : GC monitoring enabled, reporting results every 2 minutes.
2019-11-13 22:19:56.417  INFO 3540 --- [XNIO-1 task-16] lavalink.server.io.SocketServer          : Connection successfully established from /127.0.0.1:57172
2019-11-13 22:20:28.776  INFO 3540 --- [XNIO-1 I/O-5] lavalink.server.io.SocketServer          : Connection closed from /127.0.0.1:57065 -- CloseStatus[code=1006, reason=]
2019-11-13 22:20:28.776  INFO 3540 --- [XNIO-1 I/O-8] lavalink.server.io.SocketServer          : Connection closed from /127.0.0.1:57172 -- CloseStatus[code=1006, reason=]
2019-11-13 22:20:28.777  INFO 3540 --- [XNIO-1 I/O-5] lavalink.server.io.SocketContext         : Shutting down 0 playing players.
2019-11-13 22:20:28.778  INFO 3540 --- [XNIO-1 I/O-8] lavalink.server.io.SocketContext         : Shutting down 0 playing players.
2019-11-13 22:20:28.778  INFO 3540 --- [XNIO-1 I/O-5] c.s.d.l.tools.GarbageCollectionMonitor   : GC monitoring disabled.
2019-11-13 22:20:28.781  INFO 3540 --- [XNIO-1 I/O-8] c.s.d.l.tools.GarbageCollectionMonitor   : GC monitoring disabled.
2019-11-13 22:37:08.552  INFO 3540 --- [XNIO-1 task-17] l.server.io.HandshakeInterceptorImpl     : Incoming connection from /127.0.0.1:57704
2019-11-13 22:37:08.556  INFO 3540 --- [XNIO-1 task-17] c.s.d.l.tools.GarbageCollectionMonitor   : GC monitoring enabled, reporting results every 2 minutes.
2019-11-13 22:37:08.562  INFO 3540 --- [XNIO-1 task-17] lavalink.server.io.SocketServer          : Connection successfully established from /127.0.0.1:57704
2019-11-13 22:39:05.035  INFO 3540 --- [XNIO-1 task-18] l.server.player.AudioLoaderRestHandler   : GET /loadtracks
2019-11-13 22:39:05.730  INFO 3540 --- [lava-daemon-pool-info-loader-2-thread-1] lavalink.server.player.AudioLoader       : Loaded playlist Search results for: sic
2019-11-13 22:39:05.774  INFO 3540 --- [XNIO-1 I/O-4] lavalink.server.io.SocketServer          : {"track":"QAAAegIAGFNsaXBrbm90IC0gKFNpYykgKEF1ZGlvKQAIU2xpcGtub3QAAAAAAAMNQAALbTNJMy1LVEpidFkAAQAraHR0cHM6Ly93d3cueW91dHViZS5jb20vd2F0Y2g/dj1tM0kzLUtUSmJ0WQAHeW91dHViZQAAAAAAAAAA","startTime":0,"endTime":0,"noReplace":false,"guildId":"492415167745753107","op":"play"}
2019-11-13 22:39:05.973  INFO 3540 --- [XNIO-1 I/O-4] lavalink.server.io.SocketServer          : {"sessionId":"7850e46a155beb07b5d766273fc98581","event":{"token":"1fe8b2aa8cb11623","guildid":"492415167745753107","endpoint":"eu-central307.discord.media:80"},"guildId":"492415167745753107","op":"voiceUpdate"}
2019-11-13 22:55:25.635  INFO 3540 --- [XNIO-1 task-20] l.server.player.AudioLoaderRestHandler   : GET /loadtracks
2019-11-13 22:55:26.239  INFO 3540 --- [lava-daemon-pool-info-loader-2-thread-1] lavalink.server.player.AudioLoader       : Loaded playlist Search results for: sic
2019-11-13 22:55:26.249  INFO 3540 --- [XNIO-1 I/O-4] lavalink.server.io.SocketServer          : {"track":"QAAAegIAGFNsaXBrbm90IC0gKFNpYykgKEF1ZGlvKQAIU2xpcGtub3QAAAAAAAMNQAALbTNJMy1LVEpidFkAAQAraHR0cHM6Ly93d3cueW91dHViZS5jb20vd2F0Y2g/dj1tM0kzLUtUSmJ0WQAHeW91dHViZQAAAAAAAAAA","startTime":0,"endTime":0,"noReplace":false,"guildId":"492415167745753107","op":"play"}
2019-11-13 22:56:38.425  INFO 3540 --- [XNIO-1 I/O-4] lavalink.server.io.SocketServer          : Connection closed from /127.0.0.1:57704 -- CloseStatus[code=1006, reason=]
2019-11-13 22:56:38.425  INFO 3540 --- [XNIO-1 I/O-4] lavalink.server.io.SocketContext         : Shutting down 1 playing players.
2019-11-13 22:56:38.427  INFO 3540 --- [XNIO-1 I/O-4] c.s.d.l.tools.GarbageCollectionMonitor   : GC monitoring disabled.
2019-11-13 22:56:38.434  WARN 3540 --- [lava-daemon-pool-playback-37-thread-1] c.s.d.l.t.p.LocalAudioTrackExecutor      : Suspicious exception for playback of m3I3-KTJbtY

com.sedmelluq.discord.lavaplayer.tools.FriendlyException: The track was unexpectedly terminated.
	at com.sedmelluq.discord.lavaplayer.track.playback.LocalAudioTrackExecutor.handlePlaybackInterrupt(LocalAudioTrackExecutor.java:323) ~[lavaplayer-1.3.22.jar!/:na]
	at com.sedmelluq.discord.lavaplayer.track.playback.LocalAudioTrackExecutor.executeProcessingLoop(LocalAudioTrackExecutor.java:267) ~[lavaplayer-1.3.22.jar!/:na]
	at com.sedmelluq.discord.lavaplayer.container.matroska.MatroskaAudioTrack.process(MatroskaAudioTrack.java:39) ~[lavaplayer-1.3.22.jar!/:na]
	at com.sedmelluq.discord.lavaplayer.track.DelegatedAudioTrack.processDelegate(DelegatedAudioTrack.java:27) ~[lavaplayer-1.3.22.jar!/:na]
	at com.sedmelluq.discord.lavaplayer.source.youtube.YoutubeAudioTrack.processStatic(YoutubeAudioTrack.java:78) ~[lavaplayer-1.3.22.jar!/:na]
	at com.sedmelluq.discord.lavaplayer.source.youtube.YoutubeAudioTrack.process(YoutubeAudioTrack.java:70) ~[lavaplayer-1.3.22.jar!/:na]
	at com.sedmelluq.discord.lavaplayer.track.playback.LocalAudioTrackExecutor.execute(LocalAudioTrackExecutor.java:90) ~[lavaplayer-1.3.22.jar!/:na]
	at com.sedmelluq.discord.lavaplayer.player.DefaultAudioPlayerManager.lambda$executeTrack$1(DefaultAudioPlayerManager.java:349) ~[lavaplayer-1.3.22.jar!/:na]
	at java.base/java.util.concurrent.ThreadPoolExecutor.runWorker(ThreadPoolExecutor.java:1128) ~[na:na]
	at java.base/java.util.concurrent.ThreadPoolExecutor$Worker.run(ThreadPoolExecutor.java:628) ~[na:na]
	at java.base/java.lang.Thread.run(Thread.java:834) ~[na:na]
Caused by: java.lang.InterruptedException: null
	at java.base/java.util.concurrent.locks.AbstractQueuedSynchronizer$ConditionObject.reportInterruptAfterWait(AbstractQueuedSynchronizer.java:2056) ~[na:na]
	at java.base/java.util.concurrent.locks.AbstractQueuedSynchronizer$ConditionObject.await(AbstractQueuedSynchronizer.java:2090) ~[na:na]
	at java.base/java.util.concurrent.ArrayBlockingQueue.put(ArrayBlockingQueue.java:367) ~[na:na]
	at com.sedmelluq.discord.lavaplayer.track.playback.AllocatingAudioFrameBuffer.consume(AllocatingAudioFrameBuffer.java:179) ~[lavaplayer-1.3.22.jar!/:na]
	at com.sedmelluq.discord.lavaplayer.container.common.OpusPacketRouter.passThrough(OpusPacketRouter.java:164) ~[lavaplayer-1.3.22.jar!/:na]
	at com.sedmelluq.discord.lavaplayer.container.common.OpusPacketRouter.process(OpusPacketRouter.java:96) ~[lavaplayer-1.3.22.jar!/:na]
	at com.sedmelluq.discord.lavaplayer.container.matroska.MatroskaOpusTrackConsumer.consume(MatroskaOpusTrackConsumer.java:47) ~[lavaplayer-1.3.22.jar!/:na]
	at com.sedmelluq.discord.lavaplayer.container.matroska.MatroskaStreamingFile.processFrameInBlock(MatroskaStreamingFile.java:372) ~[lavaplayer-1.3.22.jar!/:na]
	at com.sedmelluq.discord.lavaplayer.container.matroska.MatroskaStreamingFile.parseClusterSimpleBlock(MatroskaStreamingFile.java:336) ~[lavaplayer-1.3.22.jar!/:na]
	at com.sedmelluq.discord.lavaplayer.container.matroska.MatroskaStreamingFile.parseNextCluster(MatroskaStreamingFile.java:321) ~[lavaplayer-1.3.22.jar!/:na]
	at com.sedmelluq.discord.lavaplayer.container.matroska.MatroskaStreamingFile.provideFrames(MatroskaStreamingFile.java:297) ~[lavaplayer-1.3.22.jar!/:na]
	at com.sedmelluq.discord.lavaplayer.container.matroska.MatroskaAudioTrack.lambda$process$0(MatroskaAudioTrack.java:40) ~[lavaplayer-1.3.22.jar!/:na]
	at com.sedmelluq.discord.lavaplayer.track.playback.LocalAudioTrackExecutor.executeProcessingLoop(LocalAudioTrackExecutor.java:257) ~[lavaplayer-1.3.22.jar!/:na]
	... 9 common frames omitted

2019-11-13 23:19:23.640  INFO 3540 --- [XNIO-1 task-22] l.server.io.HandshakeInterceptorImpl     : Incoming connection from /127.0.0.1:59954
2019-11-13 23:19:23.645  INFO 3540 --- [XNIO-1 task-22] c.s.d.l.tools.GarbageCollectionMonitor   : GC monitoring enabled, reporting results every 2 minutes.
2019-11-13 23:19:23.650  INFO 3540 --- [XNIO-1 task-22] lavalink.server.io.SocketServer          : Connection successfully established from /127.0.0.1:59954
2019-11-13 23:19:53.491  INFO 3540 --- [XNIO-1 task-23] l.server.player.AudioLoaderRestHandler   : GET /loadtracks
2019-11-13 23:19:54.137  INFO 3540 --- [lava-daemon-pool-info-loader-2-thread-1] lavalink.server.player.AudioLoader       : Loaded playlist Search results for: sic
2019-11-13 23:20:25.089  INFO 3540 --- [XNIO-1 I/O-6] lavalink.server.io.SocketServer          : {"track":"QAAAegIAGFNsaXBrbm90IC0gKFNpYykgKEF1ZGlvKQAIU2xpcGtub3QAAAAAAAMNQAALbTNJMy1LVEpidFkAAQAraHR0cHM6Ly93d3cueW91dHViZS5jb20vd2F0Y2g/dj1tM0kzLUtUSmJ0WQAHeW91dHViZQAAAAAAAAAA","startTime":0,"endTime":0,"noReplace":false,"guildId":"492415167745753107","op":"play"}
2019-11-13 23:20:34.287  INFO 3540 --- [XNIO-1 I/O-6] lavalink.server.io.SocketServer          : {"sessionId":"a02908aa490b8a1b65bcac9da0ce5aaa","event":{"token":"b5781a12022428c2","guildid":"492415167745753107","endpoint":"eu-central806.discord.media:80"},"guildId":"492415167745753107","op":"voiceUpdate"}
2019-11-13 23:23:06.523  INFO 3540 --- [XNIO-1 I/O-6] lavalink.server.io.SocketServer          : Connection closed from /127.0.0.1:59954 -- CloseStatus[code=1006, reason=]
2019-11-13 23:23:06.524  INFO 3540 --- [XNIO-1 I/O-6] lavalink.server.io.SocketContext         : Shutting down 1 playing players.
2019-11-13 23:23:06.527  INFO 3540 --- [XNIO-1 I/O-6] c.s.d.l.tools.GarbageCollectionMonitor   : GC monitoring disabled.
2019-11-13 23:23:06.530  WARN 3540 --- [lava-daemon-pool-playback-41-thread-1] c.s.d.l.t.p.LocalAudioTrackExecutor      : Suspicious exception for playback of m3I3-KTJbtY

com.sedmelluq.discord.lavaplayer.tools.FriendlyException: The track was unexpectedly terminated.
	at com.sedmelluq.discord.lavaplayer.track.playback.LocalAudioTrackExecutor.handlePlaybackInterrupt(LocalAudioTrackExecutor.java:323) ~[lavaplayer-1.3.22.jar!/:na]
	at com.sedmelluq.discord.lavaplayer.track.playback.LocalAudioTrackExecutor.executeProcessingLoop(LocalAudioTrackExecutor.java:267) ~[lavaplayer-1.3.22.jar!/:na]
	at com.sedmelluq.discord.lavaplayer.container.matroska.MatroskaAudioTrack.process(MatroskaAudioTrack.java:39) ~[lavaplayer-1.3.22.jar!/:na]
	at com.sedmelluq.discord.lavaplayer.track.DelegatedAudioTrack.processDelegate(DelegatedAudioTrack.java:27) ~[lavaplayer-1.3.22.jar!/:na]
	at com.sedmelluq.discord.lavaplayer.source.youtube.YoutubeAudioTrack.processStatic(YoutubeAudioTrack.java:78) ~[lavaplayer-1.3.22.jar!/:na]
	at com.sedmelluq.discord.lavaplayer.source.youtube.YoutubeAudioTrack.process(YoutubeAudioTrack.java:70) ~[lavaplayer-1.3.22.jar!/:na]
	at com.sedmelluq.discord.lavaplayer.track.playback.LocalAudioTrackExecutor.execute(LocalAudioTrackExecutor.java:90) ~[lavaplayer-1.3.22.jar!/:na]
	at com.sedmelluq.discord.lavaplayer.player.DefaultAudioPlayerManager.lambda$executeTrack$1(DefaultAudioPlayerManager.java:349) ~[lavaplayer-1.3.22.jar!/:na]
	at java.base/java.util.concurrent.ThreadPoolExecutor.runWorker(ThreadPoolExecutor.java:1128) ~[na:na]
	at java.base/java.util.concurrent.ThreadPoolExecutor$Worker.run(ThreadPoolExecutor.java:628) ~[na:na]
	at java.base/java.lang.Thread.run(Thread.java:834) ~[na:na]
Caused by: java.lang.InterruptedException: null
	at java.base/java.util.concurrent.locks.AbstractQueuedSynchronizer$ConditionObject.reportInterruptAfterWait(AbstractQueuedSynchronizer.java:2056) ~[na:na]
	at java.base/java.util.concurrent.locks.AbstractQueuedSynchronizer$ConditionObject.await(AbstractQueuedSynchronizer.java:2090) ~[na:na]
	at java.base/java.util.concurrent.ArrayBlockingQueue.put(ArrayBlockingQueue.java:367) ~[na:na]
	at com.sedmelluq.discord.lavaplayer.track.playback.AllocatingAudioFrameBuffer.consume(AllocatingAudioFrameBuffer.java:179) ~[lavaplayer-1.3.22.jar!/:na]
	at com.sedmelluq.discord.lavaplayer.container.common.OpusPacketRouter.passThrough(OpusPacketRouter.java:164) ~[lavaplayer-1.3.22.jar!/:na]
	at com.sedmelluq.discord.lavaplayer.container.common.OpusPacketRouter.process(OpusPacketRouter.java:96) ~[lavaplayer-1.3.22.jar!/:na]
	at com.sedmelluq.discord.lavaplayer.container.matroska.MatroskaOpusTrackConsumer.consume(MatroskaOpusTrackConsumer.java:47) ~[lavaplayer-1.3.22.jar!/:na]
	at com.sedmelluq.discord.lavaplayer.container.matroska.MatroskaStreamingFile.processFrameInBlock(MatroskaStreamingFile.java:372) ~[lavaplayer-1.3.22.jar!/:na]
	at com.sedmelluq.discord.lavaplayer.container.matroska.MatroskaStreamingFile.parseClusterSimpleBlock(MatroskaStreamingFile.java:336) ~[lavaplayer-1.3.22.jar!/:na]
	at com.sedmelluq.discord.lavaplayer.container.matroska.MatroskaStreamingFile.parseNextCluster(MatroskaStreamingFile.java:321) ~[lavaplayer-1.3.22.jar!/:na]
	at com.sedmelluq.discord.lavaplayer.container.matroska.MatroskaStreamingFile.provideFrames(MatroskaStreamingFile.java:297) ~[lavaplayer-1.3.22.jar!/:na]
	at com.sedmelluq.discord.lavaplayer.container.matroska.MatroskaAudioTrack.lambda$process$0(MatroskaAudioTrack.java:40) ~[lavaplayer-1.3.22.jar!/:na]
	at com.sedmelluq.discord.lavaplayer.track.playback.LocalAudioTrackExecutor.executeProcessingLoop(LocalAudioTrackExecutor.java:257) ~[lavaplayer-1.3.22.jar!/:na]
	... 9 common frames omitted

